<?xml version="1.0" encoding="UTF-8"?>
<robot generator="Robot 5.0 (Python 3.9.6 on win32)" generated="20220425 20:24:41.747" rpa="false" schemaversion="3">
<suite id="s1" name="POM" source="C:\Users\TechCare\PycharmProjects\testing\TestCases\LoginTest__POM.robot">
<test id="s1-t1" name="Login with wrong password" line="36">
<kw name="get_data_test_by_data_key">
<var>${username}</var>
<arg>username</arg>
<msg timestamp="20220425 20:24:42.586" level="FAIL">No keyword with name 'get_data_test_by_data_key' found.</msg>
<status status="FAIL" starttime="20220425 20:24:42.585" endtime="20220425 20:24:42.586"/>
</kw>
<kw name="get_data_test_by_data_key">
<var>${password}</var>
<arg>password</arg>
<status status="NOT RUN" starttime="20220425 20:24:42.593" endtime="20220425 20:24:42.593"/>
</kw>
<kw name="open page" library="LoginPage">
<status status="NOT RUN" starttime="20220425 20:24:42.594" endtime="20220425 20:24:42.594"/>
</kw>
<kw name="open tab user" library="LoginPage">
<arg>user</arg>
<status status="NOT RUN" starttime="20220425 20:24:42.595" endtime="20220425 20:24:42.595"/>
</kw>
<kw name="open login page">
<arg>login</arg>
<status status="NOT RUN" starttime="20220425 20:24:42.600" endtime="20220425 20:24:42.601"/>
</kw>
<kw name="enter username">
<arg>truongga123@gmail.com</arg>
<status status="NOT RUN" starttime="20220425 20:24:42.605" endtime="20220425 20:24:42.605"/>
</kw>
<kw name="enter password">
<arg>truong19062001</arg>
<status status="NOT RUN" starttime="20220425 20:24:42.611" endtime="20220425 20:24:42.611"/>
</kw>
<kw name="Click Button" library="SeleniumLibrary">
<arg>Đăng nhập</arg>
<doc>Clicks the button identified by ``locator``.</doc>
<status status="NOT RUN" starttime="20220425 20:24:42.612" endtime="20220425 20:24:42.612"/>
</kw>
<status status="FAIL" starttime="20220425 20:24:42.578" endtime="20220425 20:24:42.613">No keyword with name 'get_data_test_by_data_key' found.</status>
</test>
<test id="s1-t2" name="Login with not exists username" line="51">
<kw name="open page" library="LoginPage">
<kw name="Open Browser" library="SeleniumLibrary">
<arg>${url}</arg>
<arg>Chrome</arg>
<doc>Opens a new browser instance to the optional ``url``.</doc>
<msg timestamp="20220425 20:24:42.617" level="INFO">Opening browser 'Chrome' to base url 'https://oldsailor.com.vn/nam.html?gclid=EAIaIQobChMIo93wt8Cd9wIV3plmAh38Egm7EAAYAiAAEgKGpvD_BwE'.</msg>
<status status="PASS" starttime="20220425 20:24:42.616" endtime="20220425 20:24:47.762"/>
</kw>
<kw name="Maximize Browser Window" library="SeleniumLibrary">
<doc>Maximizes current browser window.</doc>
<status status="PASS" starttime="20220425 20:24:47.762" endtime="20220425 20:24:47.903"/>
</kw>
<status status="PASS" starttime="20220425 20:24:42.616" endtime="20220425 20:24:47.904"/>
</kw>
<kw name="enter username">
<arg>truongga123@gmail.com</arg>
<msg timestamp="20220425 20:24:47.917" level="FAIL">No keyword with name 'enter username' found.</msg>
<status status="FAIL" starttime="20220425 20:24:47.917" endtime="20220425 20:24:47.917"/>
</kw>
<kw name="enter password">
<arg>truong19062001</arg>
<status status="NOT RUN" starttime="20220425 20:24:47.935" endtime="20220425 20:24:47.936"/>
</kw>
<kw name="Click Button" library="SeleniumLibrary">
<arg>Đăng nhập</arg>
<doc>Clicks the button identified by ``locator``.</doc>
<status status="NOT RUN" starttime="20220425 20:24:47.938" endtime="20220425 20:24:47.938"/>
</kw>
<status status="FAIL" starttime="20220425 20:24:42.615" endtime="20220425 20:24:47.940">No keyword with name 'enter username' found.</status>
</test>
<status status="FAIL" starttime="20220425 20:24:41.754" endtime="20220425 20:24:47.944"/>
</suite>
<statistics>
<total>
<stat pass="0" fail="2" skip="0">All Tests</stat>
</total>
<tag>
</tag>
<suite>
<stat pass="0" fail="2" skip="0" id="s1" name="POM">POM</stat>
</suite>
</statistics>
<errors>
<msg timestamp="20220425 20:24:42.574" level="ERROR">Error in file 'C:\Users\TechCare\PycharmProjects\testing\TestCases\LoginTest__POM.robot' on line 31: Importing library '../Library/TestData' failed: ModuleNotFoundError: No module named '.'
Traceback (most recent call last):
  None
PYTHONPATH:
  C:\Users\TechCare\PycharmProjects\testing\venv\Scripts\robot.exe
  C:\Users\TechCare\AppData\Local\Programs\Python\Python39\python39.zip
  C:\Users\TechCare\AppData\Local\Programs\Python\Python39\DLLs
  C:\Users\TechCare\AppData\Local\Programs\Python\Python39\lib
  C:\Users\TechCare\AppData\Local\Programs\Python\Python39
  C:\Users\TechCare\PycharmProjects\testing\venv
  C:\Users\TechCare\PycharmProjects\testing\venv\lib\site-packages</msg>
</errors>
</robot>
